<?xml version="1.0" encoding="UTF-8"?>
<testsuite xmlns:xsi="http://www.w3.org/2001/XMLSchema-instance" xsi:noNamespaceSchemaLocation="https://maven.apache.org/surefire/maven-surefire-plugin/xsd/surefire-test-report-3.0.xsd" version="3.0" name="TestRunner.Run" time="34.683" tests="5" errors="0" skipped="0" failures="1">
  <properties>
[...]
</properties>
  <testcase name="runScenario[&quot;Create New Account sucessful&quot;, &quot;Create Account in Marketing&quot;](1)" classname="TestRunner.Run" time="10.305">
    <system-out><![CDATA[[DEBUG] Using WebDriverManager 5.6.3
[DEBUG] Resolution chrome=120 in cache (valid until 12:55:16 21/01/2024 IST)
[DEBUG] Resolution chrome120=120.0.6099.109 in cache (valid until 10:45:46 22/01/2024 IST)
[INFO] Using chromedriver 120.0.6099.109 (resolved driver for Chrome 120)
[DEBUG] Driver chromedriver 120.0.6099.109 found in cache
[INFO] Exporting webdriver.chrome.driver as C:\Users\Ajit\.cache\selenium\chromedriver\win64\120.0.6099.109\chromedriver.exe
PASSED : Page Title is matched
]]></system-out>
  </testcase>
  <testcase name="runScenario[&quot;search customer by Account Name&quot;, &quot;Create Account in Marketing&quot;](2)" classname="TestRunner.Run" time="7.75">
    <system-out><![CDATA[[DEBUG] Using WebDriverManager 5.6.3
[DEBUG] Resolution chrome=120 in cache (valid until 12:55:16 21/01/2024 IST)
[DEBUG] Resolution chrome120=120.0.6099.109 in cache (valid until 10:45:46 22/01/2024 IST)
[INFO] Using chromedriver 120.0.6099.109 (resolved driver for Chrome 120)
[DEBUG] Driver chromedriver 120.0.6099.109 found in cache
[INFO] Exporting webdriver.chrome.driver as C:\Users\Ajit\.cache\selenium\chromedriver\win64\120.0.6099.109\chromedriver.exe
PASSED : Page Title is matched
]]></system-out>
  </testcase>
  <testcase name="runScenario[&quot;Successfully Login with Valid Crendential&quot;, &quot;Login&quot;](3)" classname="TestRunner.Run" time="5.923">
    <system-out><![CDATA[[DEBUG] Using WebDriverManager 5.6.3
[DEBUG] Resolution chrome=120 in cache (valid until 12:55:16 21/01/2024 IST)
[DEBUG] Resolution chrome120=120.0.6099.109 in cache (valid until 10:45:46 22/01/2024 IST)
[INFO] Using chromedriver 120.0.6099.109 (resolved driver for Chrome 120)
[DEBUG] Driver chromedriver 120.0.6099.109 found in cache
[INFO] Exporting webdriver.chrome.driver as C:\Users\Ajit\.cache\selenium\chromedriver\win64\120.0.6099.109\chromedriver.exe
Passes - title is matched
Passes - title is matched
]]></system-out>
  </testcase>
  <testcase name="runScenario[&quot;Successful Login with valid credential&quot;, &quot;Login&quot;](4)" classname="TestRunner.Run" time="5.64">
    <system-out><![CDATA[[DEBUG] Using WebDriverManager 5.6.3
[DEBUG] Resolution chrome=120 in cache (valid until 12:55:16 21/01/2024 IST)
[DEBUG] Resolution chrome120=120.0.6099.109 in cache (valid until 10:45:46 22/01/2024 IST)
[INFO] Using chromedriver 120.0.6099.109 (resolved driver for Chrome 120)
[DEBUG] Driver chromedriver 120.0.6099.109 found in cache
[INFO] Exporting webdriver.chrome.driver as C:\Users\Ajit\.cache\selenium\chromedriver\win64\120.0.6099.109\chromedriver.exe
Passes - title is matched
Passes - title is matched
]]></system-out>
  </testcase>
  <testcase name="runScenario[&quot;Successful Login with valid credential&quot;, &quot;Login&quot;](5)" classname="TestRunner.Run" time="3.389">
    <failure message="no such element: Unable to locate element: {&quot;method&quot;:&quot;link text&quot;,&quot;selector&quot;:&quot;Sign Out&quot;}&#10;  (Session info: chrome=120.0.6099.225)&#10;For documentation on this error, please visit: https://www.selenium.dev/documentation/webdriver/troubleshooting/errors#no-such-element-exception&#10;Build info: version: &apos;4.16.1&apos;, revision: &apos;9b4c83354e&apos;&#10;System info: os.name: &apos;Windows 11&apos;, os.arch: &apos;amd64&apos;, os.version: &apos;10.0&apos;, java.version: &apos;21.0.1&apos;&#10;Driver info: org.openqa.selenium.chrome.ChromeDriver&#10;Command: [b62dac9b7720a78159396c9d9c08615b, findElement {using=link text, value=Sign Out}]&#10;Capabilities {acceptInsecureCerts: false, browserName: chrome, browserVersion: 120.0.6099.225, chrome: {chromedriverVersion: 120.0.6099.109 (3419140ab66..., userDataDir: C:\Users\Ajit\AppData\Local...}, fedcm:accounts: true, goog:chromeOptions: {debuggerAddress: localhost:55154}, networkConnectionEnabled: false, pageLoadStrategy: normal, platformName: windows, proxy: Proxy(), se:cdp: ws://localhost:55154/devtoo..., se:cdpVersion: 120.0.6099.225, setWindowRect: true, strictFileInteractability: false, timeouts: {implicit: 0, pageLoad: 300000, script: 30000}, unhandledPromptBehavior: dismiss and notify, webauthn:extension:credBlob: true, webauthn:extension:largeBlob: true, webauthn:extension:minPinLength: true, webauthn:extension:prf: true, webauthn:virtualAuthenticators: true}&#10;Session ID: b62dac9b7720a78159396c9d9c08615b" type="org.openqa.selenium.NoSuchElementException"><![CDATA[org.openqa.selenium.NoSuchElementException: 
no such element: Unable to locate element: {"method":"link text","selector":"Sign Out"}
  (Session info: chrome=120.0.6099.225)
For documentation on this error, please visit: https://www.selenium.dev/documentation/webdriver/troubleshooting/errors#no-such-element-exception
Build info: version: '4.16.1', revision: '9b4c83354e'
System info: os.name: 'Windows 11', os.arch: 'amd64', os.version: '10.0', java.version: '21.0.1'
Driver info: org.openqa.selenium.chrome.ChromeDriver
Command: [b62dac9b7720a78159396c9d9c08615b, findElement {using=link text, value=Sign Out}]
Capabilities {acceptInsecureCerts: false, browserName: chrome, browserVersion: 120.0.6099.225, chrome: {chromedriverVersion: 120.0.6099.109 (3419140ab66..., userDataDir: C:\Users\Ajit\AppData\Local...}, fedcm:accounts: true, goog:chromeOptions: {debuggerAddress: localhost:55154}, networkConnectionEnabled: false, pageLoadStrategy: normal, platformName: windows, proxy: Proxy(), se:cdp: ws://localhost:55154/devtoo..., se:cdpVersion: 120.0.6099.225, setWindowRect: true, strictFileInteractability: false, timeouts: {implicit: 0, pageLoad: 300000, script: 30000}, unhandledPromptBehavior: dismiss and notify, webauthn:extension:credBlob: true, webauthn:extension:largeBlob: true, webauthn:extension:minPinLength: true, webauthn:extension:prf: true, webauthn:virtualAuthenticators: true}
Session ID: b62dac9b7720a78159396c9d9c08615b
	at java.base/jdk.internal.reflect.DirectConstructorHandleAccessor.newInstance(DirectConstructorHandleAccessor.java:62)
	at java.base/java.lang.reflect.Constructor.newInstanceWithCaller(Constructor.java:502)
	at java.base/java.lang.reflect.Constructor.newInstance(Constructor.java:486)
	at org.openqa.selenium.remote.codec.w3c.W3CHttpResponseCodec.createException(W3CHttpResponseCodec.java:200)
	at org.openqa.selenium.remote.codec.w3c.W3CHttpResponseCodec.decode(W3CHttpResponseCodec.java:133)
	at org.openqa.selenium.remote.codec.w3c.W3CHttpResponseCodec.decode(W3CHttpResponseCodec.java:52)
	at org.openqa.selenium.remote.HttpCommandExecutor.execute(HttpCommandExecutor.java:191)
	at org.openqa.selenium.remote.service.DriverCommandExecutor.invokeExecute(DriverCommandExecutor.java:200)
	at org.openqa.selenium.remote.service.DriverCommandExecutor.execute(DriverCommandExecutor.java:175)
	at org.openqa.selenium.remote.RemoteWebDriver.execute(RemoteWebDriver.java:523)
	at org.openqa.selenium.remote.ElementLocation$ElementFinder$2.findElement(ElementLocation.java:165)
	at org.openqa.selenium.remote.ElementLocation.findElement(ElementLocation.java:59)
	at org.openqa.selenium.remote.RemoteWebDriver.findElement(RemoteWebDriver.java:360)
	at org.openqa.selenium.remote.RemoteWebDriver.findElement(RemoteWebDriver.java:354)
	at org.openqa.selenium.support.pagefactory.DefaultElementLocator.findElement(DefaultElementLocator.java:68)
	at org.openqa.selenium.support.pagefactory.internal.LocatingElementHandler.invoke(LocatingElementHandler.java:38)
	at jdk.proxy2/jdk.proxy2.$Proxy24.click(Unknown Source)
	at pageObject.LoginPage.clickLogOut(LoginPage.java:44)
	at stepDefinition.StepDef.user_click_on_log_out_link(StepDef.java:116)
	at ✽.User Click on log Out Link(file:///C:/Users/Ajit/OneDrive/Desktop/RestApiSamplePack/ProjectCucumberFrameWork/./Features/LoginFeature.feature:20)
]]></failure>
    <system-out><![CDATA[[DEBUG] Using WebDriverManager 5.6.3
[DEBUG] Resolution chrome=120 in cache (valid until 12:55:16 21/01/2024 IST)
[DEBUG] Resolution chrome120=120.0.6099.109 in cache (valid until 10:45:46 22/01/2024 IST)
[INFO] Using chromedriver 120.0.6099.109 (resolved driver for Chrome 120)
[DEBUG] Driver chromedriver 120.0.6099.109 found in cache
[INFO] Exporting webdriver.chrome.driver as C:\Users\Ajit\.cache\selenium\chromedriver\win64\120.0.6099.109\chromedriver.exe
Failed - Title is not Matched 
]]></system-out>
  </testcase>
</testsuite>