<?xml version="1.0" encoding="UTF-8"?>
<testng-results ignored="0" total="2" passed="2" failed="0" skipped="0">
  <reporter-output>
  </reporter-output>
  <suite started-at="2024-01-21T10:49:54 IST" name="Default suite" finished-at="2024-01-21T10:50:22 IST" duration-ms="27885">
    <groups>
      <group name="cucumber">
        <method signature="AbstractTestNGCucumberTests.runScenario(io.cucumber.testng.PickleWrapper,io.cucumber.testng.FeatureWrapper)[pri:0, instance:TestRunner.Run@1046d517]" name="runScenario" class="io.cucumber.testng.AbstractTestNGCucumberTests"/>
      </group> <!-- cucumber -->
    </groups>
    <test started-at="2024-01-21T10:49:54 IST" name="Default test" finished-at="2024-01-21T10:50:22 IST" duration-ms="27885">
      <class name="TestRunner.Run">
        <test-method is-config="true" signature="setUpClass(org.testng.ITestContext)[pri:0, instance:TestRunner.Run@1046d517]" started-at="2024-01-21T10:49:54 IST" name="setUpClass" finished-at="2024-01-21T10:49:55 IST" duration-ms="800" status="PASS">
          <params>
            <param index="0">
              <value>
                <![CDATA[org.testng.TestRunner@78116659]]>
              </value>
            </param>
          </params>
          <reporter-output>
          </reporter-output>
        </test-method> <!-- setUpClass -->
        <test-method signature="runScenario(io.cucumber.testng.PickleWrapper,io.cucumber.testng.FeatureWrapper)[pri:0, instance:TestRunner.Run@1046d517]" started-at="2024-01-21T10:49:55 IST" name="runScenario" description="Runs Cucumber Scenarios" data-provider="scenarios" finished-at="2024-01-21T10:50:12 IST" duration-ms="17164" status="PASS">
          <params>
            <param index="0">
              <value>
                <![CDATA["Create New Account sucessful"]]>
              </value>
            </param>
            <param index="1">
              <value>
                <![CDATA["Create Account in Marketing"]]>
              </value>
            </param>
          </params>
          <reporter-output>
          </reporter-output>
        </test-method> <!-- runScenario -->
        <test-method signature="runScenario(io.cucumber.testng.PickleWrapper,io.cucumber.testng.FeatureWrapper)[pri:0, instance:TestRunner.Run@1046d517]" started-at="2024-01-21T10:50:12 IST" name="runScenario" description="Runs Cucumber Scenarios" data-provider="scenarios" finished-at="2024-01-21T10:50:21 IST" duration-ms="9368" status="PASS">
          <params>
            <param index="0">
              <value>
                <![CDATA["Successfully Login with Valid Crendential"]]>
              </value>
            </param>
            <param index="1">
              <value>
                <![CDATA["Login"]]>
              </value>
            </param>
          </params>
          <reporter-output>
          </reporter-output>
        </test-method> <!-- runScenario -->
        <test-method is-config="true" signature="tearDownClass()[pri:0, instance:TestRunner.Run@1046d517]" started-at="2024-01-21T10:50:21 IST" name="tearDownClass" finished-at="2024-01-21T10:50:22 IST" duration-ms="482" status="PASS">
          <reporter-output>
          </reporter-output>
        </test-method> <!-- tearDownClass -->
      </class> <!-- TestRunner.Run -->
    </test> <!-- Default test -->
  </suite> <!-- Default suite -->
</testng-results>
